<?xml version="1.0" encoding="UTF-8"?>
<testsuite xmlns:xsi="http://www.w3.org/2001/XMLSchema-instance" xsi:noNamespaceSchemaLocation="https://maven.apache.org/surefire/maven-surefire-plugin/xsd/surefire-test-report-3.0.xsd" version="3.0" name="Runner.TestRunner" time="129.946" tests="8" errors="0" skipped="0" failures="2">
  <properties>
[...]
</properties>
  <testcase name="Login, add a new product, search product, add to cart, and checkout" classname="Successful login to Admin portal and add a new product" time="20.181">
    <system-out><![CDATA[
@PositiveFlow @Regression @AdminFlow
Scenario Outline: Login, add a new product, search product, add to cart, and checkout  # file:///C:/Users/seeni/IdeaProjects/ShopHub/src/main/resources/Features/Admin-Login.feature:33
Hooks @Before - Scenario: Login, add a new product, search product, add to cart, and checkout
Hooks Initializing browser: chrome
  Given Admin is on the login page                                                     # stepdefinitions.AdminSteps.admin_is_on_the_login_page()
  When Admin enters valid email "admin@shophub.com" and password "admin123"            # stepdefinitions.AdminSteps.admin_enters_valid_email_and_password(java.lang.String,java.lang.String)
  And Admin clicks the login button                                                    # stepdefinitions.AdminSteps.admin_clicks_the_login_button()
Login successful.
  Then Admin should be redirected to the home page                                     # stepdefinitions.AdminSteps.admin_should_be_redirected_to_the_home_page()
  When Admin clicks on the Admin panel                                                 # stepdefinitions.AdminSteps.admin_clicks_on_the_admin_panel()
  And Admin adds a new product with name "Bluetooth Mouse"                             # stepdefinitions.AdminSteps.admin_adds_a_new_product_with_name(java.lang.String)
  And Admin selects category "Electronics" and enters price "499"                      # stepdefinitions.AdminSteps.admin_selects_category_and_enters_price(java.lang.String,java.lang.String)
  And Admin enters initial stock "20" and product description "Wireless optical mouse" # stepdefinitions.AdminSteps.admin_enters_initial_stock_and_product_description(java.lang.String,java.lang.String)
  Then Admin clicks the Add Product button                                             # stepdefinitions.AdminSteps.admin_clicks_the_add_product_button()
  Then Admin click the all Products section                                            # stepdefinitions.AdminSteps.admin_click_the_all_products_section()
  When Admin clicks on the search bar                                                  # stepdefinitions.AdminSteps.admin_clicks_on_the_search_bar()
  And Admin types "Bluetooth Mouse" into the search bar                                # stepdefinitions.AdminSteps.admin_types_into_the_search_bar(java.lang.String)
  And clicks the search button                                                         # stepdefinitions.LoginSteps.clicks_the_search_button()
 Product was found should  be displayed: Bluetooth Mouse
  Then Products related to "Bluetooth Mouse" should be displayed                       # stepdefinitions.LoginSteps.products_related_to_should_be_displayed(java.lang.String)
 Product was found should  be displayed: Add to Cart
  When User clicks "Add to Cart" on a displayed product                                # stepdefinitions.LoginSteps.user_clicks_add_to_cart_on_a_displayed_product(java.lang.String)
org.openqa.selenium.NoSuchElementException: no such element: Unable to locate element: {"method":"xpath","selector":"//body/div[@id='mainApp']/div[@id='mainLayout']/aside[@class='cart']/div[@id='cartItems']/div[1]"}
  (Session info: chrome=138.0.7204.184)
For documentation on this error, please visit: https://www.selenium.dev/documentation/webdriver/troubleshooting/errors#no-such-element-exception
Build info: version: '4.34.0', revision: '707dcb4246*'
System info: os.name: 'Windows 11', os.arch: 'amd64', os.version: '10.0', java.version: '24.0.1'
Driver info: org.openqa.selenium.chrome.ChromeDriver
Command: [f19ecbeb7b8605ee62794d7cb644e6d4, findElement {using=xpath, value=//body/div[@id='mainApp']/div[@id='mainLayout']/aside[@class='cart']/div[@id='cartItems']/div[1]}]
Capabilities {acceptInsecureCerts: false, browserName: chrome, browserVersion: 138.0.7204.184, chrome: {chromedriverVersion: 138.0.7204.183 (e90faf484dd..., userDataDir: C:\Users\seeni\AppData\Loca...}, fedcm:accounts: true, goog:chromeOptions: {debuggerAddress: localhost:56659}, networkConnectionEnabled: false, pageLoadStrategy: normal, platformName: windows, proxy: Proxy(), se:cdp: ws://localhost:56659/devtoo..., se:cdpVersion: 138.0.7204.184, setWindowRect: true, strictFileInteractability: false, timeouts: {implicit: 0, pageLoad: 300000, script: 30000}, unhandledPromptBehavior: dismiss and notify, webauthn:extension:credBlob: true, webauthn:extension:largeBlob: true, webauthn:extension:minPinLength: true, webauthn:extension:prf: true, webauthn:virtualAuthenticators: true}
Session ID: f19ecbeb7b8605ee62794d7cb644e6d4
  Then The product should be added to the shopping cart                                # stepdefinitions.LoginSteps.the_product_should_be_added_to_the_shopping_cart()
  When User clicks on the cart icon                                                    # stepdefinitions.LoginSteps.user_clicks_on_the_cart_icon()
price is :541.41
  Then The cart summary should display the added product with the correct price        # stepdefinitions.LoginSteps.the_cart_summary_should_display_the_added_product_with_the_correct_price()
  When User clicks the Checkout button                                                 # stepdefinitions.LoginSteps.user_clicks_the_checkout_button()
Order placed notification displayed: Item added to cart!
  Then User should be redirected to the checkout page                                  # stepdefinitions.LoginSteps.user_should_be_redirected_to_the_checkout_page()
  Then User click the Logout button                                                    # stepdefinitions.LoginSteps.user_click_the_logout_button()
Hooks @After - Scenario: Login, add a new product, search product, add to cart, and checkout
Hooks Quitting driver...
]]></system-out>
    <system-err><![CDATA[2025-08-02T07:08:12.216721100Z main INFO Starting configuration XmlConfiguration[location=C:\Users\seeni\IdeaProjects\ShopHub\target\classes\log4j2.xml, lastModified=2025-08-01T16:05:18.248Z]...
2025-08-02T07:08:12.218723700Z main INFO Configuration XmlConfiguration[location=C:\Users\seeni\IdeaProjects\ShopHub\target\classes\log4j2.xml, lastModified=2025-08-01T16:05:18.248Z] started.
2025-08-02T07:08:12.222721700Z main INFO Stopping configuration org.apache.logging.log4j.core.config.DefaultConfiguration@4ed38226...
2025-08-02T07:08:12.222721700Z main INFO Configuration org.apache.logging.log4j.core.config.DefaultConfiguration@4ed38226 stopped.
SLF4J(W): No SLF4J providers were found.
SLF4J(W): Defaulting to no-operation (NOP) logger implementation
SLF4J(W): See https://www.slf4j.org/codes.html#noProviders for further details.
]]></system-err>
  </testcase>
  <testcase name="Login, Open Admin Panel, and Edit Existing Products" classname="Successful login to Admin portal and add a new product" time="6.047">
    <system-out><![CDATA[
@PositiveFlow @Regression @AdminFlow
Scenario Outline: Login, Open Admin Panel, and Edit Existing Products       # file:///C:/Users/seeni/IdeaProjects/ShopHub/src/main/resources/Features/Admin-Login.feature:51
Hooks @Before - Scenario: Login, Open Admin Panel, and Edit Existing Products
Hooks Initializing browser: chrome
  Given Admin is on the login page                                          # stepdefinitions.AdminSteps.admin_is_on_the_login_page()
  When Admin enters valid email "admin@shophub.com" and password "admin123" # stepdefinitions.AdminSteps.admin_enters_valid_email_and_password(java.lang.String,java.lang.String)
  And Admin clicks the login button                                         # stepdefinitions.AdminSteps.admin_clicks_the_login_button()
Login successful.
  Then Admin should be redirected to the home page                          # stepdefinitions.AdminSteps.admin_should_be_redirected_to_the_home_page()
  When Admin clicks on the Admin panel                                      # stepdefinitions.AdminSteps.admin_clicks_on_the_admin_panel()
  Then Admin clicks on the Existing Products section                        # stepdefinitions.AdminSteps.admin_clicks_on_the_existing_products_section()
product was founded
  And Admin see the "Sony WH-1000XM5" list and clicks the edit icon         # stepdefinitions.AdminSteps.admin_see_the_list_and_clicks_the_edit_icon(java.lang.String)
  Then Admin enters updated stock value "65"                                # stepdefinitions.AdminSteps.admin_enters_updated_stock_value(java.lang.String)
  And clicks the update button                                              # stepdefinitions.AdminSteps.clicks_the_update_button()
Update Product SuccessfullyLogin successful!
  Then A success notification should be displayed                           # stepdefinitions.AdminSteps.a_success_notification_should_be_displayed()
  Then User click the Logout button                                         # stepdefinitions.LoginSteps.user_click_the_logout_button()
Hooks @After - Scenario: Login, Open Admin Panel, and Edit Existing Products
Hooks Quitting driver...
]]></system-out>
  </testcase>
  <testcase name="Login, Open Admin Panel, and Delete Existing Products" classname="Successful login to Admin portal and add a new product" time="4.708">
    <system-out><![CDATA[
@PositiveFlow @Regression @AdminFlow
Scenario Outline: Login, Open Admin Panel, and Delete Existing Products                             # file:///C:/Users/seeni/IdeaProjects/ShopHub/src/main/resources/Features/Admin-Login.feature:68
Hooks @Before - Scenario: Login, Open Admin Panel, and Delete Existing Products
Hooks Initializing browser: chrome
  Given Admin is on the login page                                                                  # stepdefinitions.AdminSteps.admin_is_on_the_login_page()
  When Admin enters valid email "admin@shophub.com" and password "admin123"                         # stepdefinitions.AdminSteps.admin_enters_valid_email_and_password(java.lang.String,java.lang.String)
  And Admin clicks the login button                                                                 # stepdefinitions.AdminSteps.admin_clicks_the_login_button()
Login successful.
  Then Admin should be redirected to the home page                                                  # stepdefinitions.AdminSteps.admin_should_be_redirected_to_the_home_page()
  When Admin clicks on the Admin panel                                                              # stepdefinitions.AdminSteps.admin_clicks_on_the_admin_panel()
  Then Admin clicks on the Existing Products section                                                # stepdefinitions.AdminSteps.admin_clicks_on_the_existing_products_section()
product was Delete Successfully
  And Admin see "Dell Monitor 27"" list and clicks the delete icon,and a confirmation popup appears # stepdefinitions.AdminSteps.admin_see_list_and_clicks_the_delete_icon_and_a_confirmation_popup_appears(java.lang.String)
  When Admin confirms the deletion                                                                  # stepdefinitions.AdminSteps.admin_confirms_the_deletion()
Product Delete Successfully: Product deleted successfully
  Then A success notification should be displayed stating the product was deleted                   # stepdefinitions.AdminSteps.a_success_notification_should_be_displayed_stating_the_product_was_deleted()
  Then User click the Logout button                                                                 # stepdefinitions.LoginSteps.user_click_the_logout_button()
Hooks @After - Scenario: Login, Open Admin Panel, and Delete Existing Products
Hooks Quitting driver...
]]></system-out>
  </testcase>
  <testcase name="Unsuccessful login attempt with invalid credentials" classname="Unsuccessful Login and Invalid Search" time="23.542">
    <failure message="Login failed. Expected success, but got failure." type="java.lang.AssertionError"><![CDATA[java.lang.AssertionError: Login failed. Expected success, but got failure.
	at page.LoginPage.checkLoginOutcome(LoginPage.java:74)
	at stepdefinitions.LoginSteps.user_should_be_redirected_to_the_home_page(LoginSteps.java:59)
	at ✽.User should be redirected to the home page(file:///C:/Users/seeni/IdeaProjects/ShopHub/src/main/resources/Features/Login-Negative.feature:8)
]]></failure>
    <system-out><![CDATA[
@NegativeFlow @Regression @LoginFlow
Scenario Outline: Unsuccessful login attempt with invalid credentials     # file:///C:/Users/seeni/IdeaProjects/ShopHub/src/main/resources/Features/Login-Negative.feature:12
Hooks @Before - Scenario: Unsuccessful login attempt with invalid credentials
Hooks Initializing browser: chrome
  Given User is on the login page                                         # stepdefinitions.LoginSteps.user_is_on_the_login_page()
  When User enters invalid email "user@example.com" and password "user12" # stepdefinitions.LoginSteps.user_enters_invalid_email_and_password(java.lang.String,java.lang.String)
  And clicks the login button                                             # stepdefinitions.LoginSteps.clicks_the_login_button()
  Then User should be redirected to the home page                         # stepdefinitions.LoginSteps.user_should_be_redirected_to_the_home_page()
      java.lang.AssertionError: Login failed. Expected success, but got failure.
      	at page.LoginPage.checkLoginOutcome(LoginPage.java:74)
      	at stepdefinitions.LoginSteps.user_should_be_redirected_to_the_home_page(LoginSteps.java:59)
      	at ✽.User should be redirected to the home page(file:///C:/Users/seeni/IdeaProjects/ShopHub/src/main/resources/Features/Login-Negative.feature:8)

Hooks @After - Scenario: Unsuccessful login attempt with invalid credentials
Hooks Scenario failed. Capturing screenshot...

    Embedding Failure Screenshot: Unsuccessful_login_attempt_with_invalid_credentials_1754118545264.png [image/png 439968 bytes]

Screenshot saved successfully at: C:\Users\seeni\IdeaProjects\ShopHub\target\ExtentReport\Screenshots\Unsuccessful_login_attempt_with_invalid_credentials_1754118545264.png
Hooks Quitting driver...
]]></system-out>
  </testcase>
  <testcase name="Valid login but product not found in search" classname="Unsuccessful Login and Invalid Search" time="14.699">
    <failure message="Product &apos;vivo&apos; was found but should not be displayed." type="java.lang.AssertionError"><![CDATA[java.lang.AssertionError: Product 'vivo' was found but should not be displayed.
	at org.junit.Assert.fail(Assert.java:89)
	at page.HomePage.displayed_product(HomePage.java:70)
	at stepdefinitions.LoginSteps.products_related_to_should_not_be_displayed(LoginSteps.java:96)
	at ✽.Products related to "vivo" should not be displayed(file:///C:/Users/seeni/IdeaProjects/ShopHub/src/main/resources/Features/Login-Negative.feature:23)
]]></failure>
    <system-out><![CDATA[
@NegativeFlow @Regression @LoginFlow
Scenario Outline: Valid login but product not found in search           # file:///C:/Users/seeni/IdeaProjects/ShopHub/src/main/resources/Features/Login-Negative.feature:27
Hooks @Before - Scenario: Valid login but product not found in search
Hooks Initializing browser: chrome
  Given User is on the login page                                       # stepdefinitions.LoginSteps.user_is_on_the_login_page()
  When User enters valid email "guest@demo.com" and password "guest123" # stepdefinitions.LoginSteps.user_enters_valid_email_and_password(java.lang.String,java.lang.String)
  And clicks the login button                                           # stepdefinitions.LoginSteps.clicks_the_login_button()
Login successful.
  Then User should be redirected to the home page                       # stepdefinitions.LoginSteps.user_should_be_redirected_to_the_home_page()
  When User clicks on the search bar                                    # stepdefinitions.LoginSteps.user_clicks_on_the_search_bar()
  And User types "vivo" into the search bar                             # stepdefinitions.LoginSteps.user_types_into_the_search_bar(java.lang.String)
  And clicks the search button                                          # stepdefinitions.LoginSteps.clicks_the_search_button()
 No products found for: vivo
  Then Products related to "vivo" should not be displayed               # stepdefinitions.LoginSteps.products_related_to_should_not_be_displayed(java.lang.String)
      java.lang.AssertionError: Product 'vivo' was found but should not be displayed.
      	at org.junit.Assert.fail(Assert.java:89)
      	at page.HomePage.displayed_product(HomePage.java:70)
      	at stepdefinitions.LoginSteps.products_related_to_should_not_be_displayed(LoginSteps.java:96)
      	at ✽.Products related to "vivo" should not be displayed(file:///C:/Users/seeni/IdeaProjects/ShopHub/src/main/resources/Features/Login-Negative.feature:23)

Hooks @After - Scenario: Valid login but product not found in search
Hooks Scenario failed. Capturing screenshot...

    Embedding Failure Screenshot: Valid_login_but_product_not_found_in_search_1754118560040.png [image/png 67788 bytes]

Screenshot saved successfully at: C:\Users\seeni\IdeaProjects\ShopHub\target\ExtentReport\Screenshots\Valid_login_but_product_not_found_in_search_1754118560040.png
Hooks Quitting driver...
]]></system-out>
  </testcase>
  <testcase name="Login, search product, add to cart, and checkout #1" classname="Successful Shopping Journey for User and Guest User" time="14.92">
    <system-out><![CDATA[
@PositiveFlow @Regression @LoginFlow
Scenario Outline: Login, search product, add to cart, and checkout              # file:///C:/Users/seeni/IdeaProjects/ShopHub/src/main/resources/Features/Login-Positive.feature:24
Hooks @Before - Scenario: Login, search product, add to cart, and checkout
Hooks Initializing browser: chrome
  Given User is on the login page                                               # stepdefinitions.LoginSteps.user_is_on_the_login_page()
  When User enters valid email "user@example.com" and password "user123"        # stepdefinitions.LoginSteps.user_enters_valid_email_and_password(java.lang.String,java.lang.String)
  And clicks the login button                                                   # stepdefinitions.LoginSteps.clicks_the_login_button()
Login successful.
  Then User should be redirected to the home page                               # stepdefinitions.LoginSteps.user_should_be_redirected_to_the_home_page()
  When User clicks on the search bar                                            # stepdefinitions.LoginSteps.user_clicks_on_the_search_bar()
  And User types "MacBook" into the search bar                                  # stepdefinitions.LoginSteps.user_types_into_the_search_bar(java.lang.String)
  And clicks the search button                                                  # stepdefinitions.LoginSteps.clicks_the_search_button()
 Product was found should  be displayed: MacBook
  Then Products related to "MacBook" should be displayed                        # stepdefinitions.LoginSteps.products_related_to_should_be_displayed(java.lang.String)
 Product was found should  be displayed: Add to Cart
  When User clicks "Add to Cart" on a displayed product                         # stepdefinitions.LoginSteps.user_clicks_add_to_cart_on_a_displayed_product(java.lang.String)
org.openqa.selenium.NoSuchElementException: no such element: Unable to locate element: {"method":"xpath","selector":"//body/div[@id='mainApp']/div[@id='mainLayout']/aside[@class='cart']/div[@id='cartItems']/div[1]"}
  (Session info: chrome=138.0.7204.184)
For documentation on this error, please visit: https://www.selenium.dev/documentation/webdriver/troubleshooting/errors#no-such-element-exception
Build info: version: '4.34.0', revision: '707dcb4246*'
System info: os.name: 'Windows 11', os.arch: 'amd64', os.version: '10.0', java.version: '24.0.1'
Driver info: org.openqa.selenium.chrome.ChromeDriver
Command: [fc8566f0b5722c3df900c575fe714504, findElement {using=xpath, value=//body/div[@id='mainApp']/div[@id='mainLayout']/aside[@class='cart']/div[@id='cartItems']/div[1]}]
Capabilities {acceptInsecureCerts: false, browserName: chrome, browserVersion: 138.0.7204.184, chrome: {chromedriverVersion: 138.0.7204.183 (e90faf484dd..., userDataDir: C:\Users\seeni\AppData\Loca...}, fedcm:accounts: true, goog:chromeOptions: {debuggerAddress: localhost:56833}, networkConnectionEnabled: false, pageLoadStrategy: normal, platformName: windows, proxy: Proxy(), se:cdp: ws://localhost:56833/devtoo..., se:cdpVersion: 138.0.7204.184, setWindowRect: true, strictFileInteractability: false, timeouts: {implicit: 0, pageLoad: 300000, script: 30000}, unhandledPromptBehavior: dismiss and notify, webauthn:extension:credBlob: true, webauthn:extension:largeBlob: true, webauthn:extension:minPinLength: true, webauthn:extension:prf: true, webauthn:virtualAuthenticators: true}
Session ID: fc8566f0b5722c3df900c575fe714504
  Then The product should be added to the shopping cart                         # stepdefinitions.LoginSteps.the_product_should_be_added_to_the_shopping_cart()
  When User clicks on the cart icon                                             # stepdefinitions.LoginSteps.user_clicks_on_the_cart_icon()
price is :2712.49
  Then The cart summary should display the added product with the correct price # stepdefinitions.LoginSteps.the_cart_summary_should_display_the_added_product_with_the_correct_price()
  When User clicks the Checkout button                                          # stepdefinitions.LoginSteps.user_clicks_the_checkout_button()
Order placed notification displayed: Item added to cart!
  Then User should be redirected to the checkout page                           # stepdefinitions.LoginSteps.user_should_be_redirected_to_the_checkout_page()
  Then User click the Logout button                                             # stepdefinitions.LoginSteps.user_click_the_logout_button()
Hooks @After - Scenario: Login, search product, add to cart, and checkout
Hooks Quitting driver...
]]></system-out>
  </testcase>
  <testcase name="Login, search product, add to cart, and checkout #2" classname="Successful Shopping Journey for User and Guest User" time="14.89">
    <system-out><![CDATA[
@PositiveFlow @Regression @LoginFlow
Scenario Outline: Login, search product, add to cart, and checkout              # file:///C:/Users/seeni/IdeaProjects/ShopHub/src/main/resources/Features/Login-Positive.feature:25
Hooks @Before - Scenario: Login, search product, add to cart, and checkout
Hooks Initializing browser: chrome
  Given User is on the login page                                               # stepdefinitions.LoginSteps.user_is_on_the_login_page()
  When User enters valid email "guest@demo.com" and password "guest123"         # stepdefinitions.LoginSteps.user_enters_valid_email_and_password(java.lang.String,java.lang.String)
  And clicks the login button                                                   # stepdefinitions.LoginSteps.clicks_the_login_button()
Login successful.
  Then User should be redirected to the home page                               # stepdefinitions.LoginSteps.user_should_be_redirected_to_the_home_page()
  When User clicks on the search bar                                            # stepdefinitions.LoginSteps.user_clicks_on_the_search_bar()
  And User types "iPhone" into the search bar                                   # stepdefinitions.LoginSteps.user_types_into_the_search_bar(java.lang.String)
  And clicks the search button                                                  # stepdefinitions.LoginSteps.clicks_the_search_button()
 Product was found should  be displayed: iPhone
  Then Products related to "iPhone" should be displayed                         # stepdefinitions.LoginSteps.products_related_to_should_be_displayed(java.lang.String)
 Product was found should  be displayed: Add to Cart
  When User clicks "Add to Cart" on a displayed product                         # stepdefinitions.LoginSteps.user_clicks_add_to_cart_on_a_displayed_product(java.lang.String)
org.openqa.selenium.NoSuchElementException: no such element: Unable to locate element: {"method":"xpath","selector":"//body/div[@id='mainApp']/div[@id='mainLayout']/aside[@class='cart']/div[@id='cartItems']/div[1]"}
  (Session info: chrome=138.0.7204.184)
For documentation on this error, please visit: https://www.selenium.dev/documentation/webdriver/troubleshooting/errors#no-such-element-exception
Build info: version: '4.34.0', revision: '707dcb4246*'
System info: os.name: 'Windows 11', os.arch: 'amd64', os.version: '10.0', java.version: '24.0.1'
Driver info: org.openqa.selenium.chrome.ChromeDriver
Command: [efc4689db097bf997325d6209b6ea514, findElement {using=xpath, value=//body/div[@id='mainApp']/div[@id='mainLayout']/aside[@class='cart']/div[@id='cartItems']/div[1]}]
Capabilities {acceptInsecureCerts: false, browserName: chrome, browserVersion: 138.0.7204.184, chrome: {chromedriverVersion: 138.0.7204.183 (e90faf484dd..., userDataDir: C:\Users\seeni\AppData\Loca...}, fedcm:accounts: true, goog:chromeOptions: {debuggerAddress: localhost:56872}, networkConnectionEnabled: false, pageLoadStrategy: normal, platformName: windows, proxy: Proxy(), se:cdp: ws://localhost:56872/devtoo..., se:cdpVersion: 138.0.7204.184, setWindowRect: true, strictFileInteractability: false, timeouts: {implicit: 0, pageLoad: 300000, script: 30000}, unhandledPromptBehavior: dismiss and notify, webauthn:extension:credBlob: true, webauthn:extension:largeBlob: true, webauthn:extension:minPinLength: true, webauthn:extension:prf: true, webauthn:virtualAuthenticators: true}
Session ID: efc4689db097bf997325d6209b6ea514
  Then The product should be added to the shopping cart                         # stepdefinitions.LoginSteps.the_product_should_be_added_to_the_shopping_cart()
  When User clicks on the cart icon                                             # stepdefinitions.LoginSteps.user_clicks_on_the_cart_icon()
price is :1301.99
  Then The cart summary should display the added product with the correct price # stepdefinitions.LoginSteps.the_cart_summary_should_display_the_added_product_with_the_correct_price()
  When User clicks the Checkout button                                          # stepdefinitions.LoginSteps.user_clicks_the_checkout_button()
Order placed notification displayed: Item added to cart!
  Then User should be redirected to the checkout page                           # stepdefinitions.LoginSteps.user_should_be_redirected_to_the_checkout_page()
  Then User click the Logout button                                             # stepdefinitions.LoginSteps.user_click_the_logout_button()
Hooks @After - Scenario: Login, search product, add to cart, and checkout
Hooks Quitting driver...
]]></system-out>
  </testcase>
  <testcase name="User successfully creates a new account with valid details" classname="Successful Shopping Journey for User and Guest User" time="24.308">
    <system-out><![CDATA[
@PositiveFlow @Regression @NewUser
Scenario: User successfully creates a new account with valid details      # file:///C:/Users/seeni/IdeaProjects/ShopHub/src/main/resources/Features/Login-Positive.feature:30
Hooks @Before - Scenario: User successfully creates a new account with valid details
Hooks Initializing browser: chrome
  Given User is on the Create New Account page                            # stepdefinitions.NewUserSteps.user_is_on_the_create_new_account_page()
  When User enters a valid "First Name" and "last Name"                   # stepdefinitions.NewUserSteps.user_enters_a_valid_and(java.lang.String,java.lang.String)
  And User enters a valid email "Email Address"                           # stepdefinitions.NewUserSteps.user_enters_a_valid_email(java.lang.String)
  And User enters a valid password "Password"                             # stepdefinitions.NewUserSteps.user_enters_a_valid_password(java.lang.String)
  And User enters the same "Password" in the Confirm Password field       # stepdefinitions.NewUserSteps.user_enters_the_same_in_the_confirm_password_field(java.lang.String)
  Then User enters a valid Number "Phone Number"                          # stepdefinitions.NewUserSteps.user_enters_a_valid_number(java.lang.String)
  And User agrees to the Terms and Conditions                             # stepdefinitions.NewUserSteps.user_agrees_to_the_terms_and_conditions()
  And User clicks on the Create Account button                            # stepdefinitions.NewUserSteps.user_clicks_on_the_create_account_button()
Order placed notification not found or not visible. Error: Expected condition failed: waiting for visibility of [[ChromeDriver: chrome on windows (942eab77d6baa0acf8d3d794d3e8377c)] -> xpath: //div[@id='notification']] (tried for 20 second(s) with 500 milliseconds interval)
Build info: version: '4.34.0', revision: '707dcb4246*'
System info: os.name: 'Windows 11', os.arch: 'amd64', os.version: '10.0', java.version: '24.0.1'
Driver info: org.openqa.selenium.chrome.ChromeDriver
Capabilities {acceptInsecureCerts: false, browserName: chrome, browserVersion: 138.0.7204.184, chrome: {chromedriverVersion: 138.0.7204.183 (e90faf484dd..., userDataDir: C:\Users\seeni\AppData\Loca...}, fedcm:accounts: true, goog:chromeOptions: {debuggerAddress: localhost:56910}, networkConnectionEnabled: false, pageLoadStrategy: normal, platformName: windows, proxy: Proxy(), se:cdp: ws://localhost:56910/devtoo..., se:cdpVersion: 138.0.7204.184, setWindowRect: true, strictFileInteractability: false, timeouts: {implicit: 0, pageLoad: 300000, script: 30000}, unhandledPromptBehavior: dismiss and notify, webauthn:extension:credBlob: true, webauthn:extension:largeBlob: true, webauthn:extension:minPinLength: true, webauthn:extension:prf: true, webauthn:virtualAuthenticators: true}
Session ID: 942eab77d6baa0acf8d3d794d3e8377c
  Then A success message Account created successfully should be displayed # stepdefinitions.NewUserSteps.a_success_message_account_created_successfully_should_be_displayed()
  And User should be redirected to the login page                         # stepdefinitions.NewUserSteps.user_should_be_redirected_to_the_login_page()
Hooks @After - Scenario: User successfully creates a new account with valid details
Hooks Quitting driver...
]]></system-out>
  </testcase>
</testsuite>